<?xml version="1.0" encoding="UTF-8"?>
<!-- Generated by org.testng.reporters.JUnitReportReporter -->
<testsuite skipped="0" hostname="BDC7-L-6441R9C" name="cucumberDemo.CucumberDemoProject.AppTest" tests="1" failures="0" timestamp="03 Apr 2018 20:15:16 GMT" time="0.009" errors="0">
  <testcase name="testApp" time="0.009" classname="cucumberDemo.CucumberDemoProject.AppTest"/>
</testsuite> <!-- cucumberDemo.CucumberDemoProject.AppTest -->
